<?xml version="1.0" encoding="UTF-8"?>
<!-- Generated by org.testng.reporters.JUnitXMLReporter -->
<testsuite hostname="DESKTOP-S8J8GPP" name="Default test" tests="4" failures="0" timestamp="17 Apr 2020 16:26:23 GMT" time="69.937" errors="0">
  <testcase name="add_Multipli_Vegitable_TO_Cart" time="11.414" classname="com.Greenkart.qa.tests.HomePageTest"/>
  <testcase name="addToCartProduct" time="10.69" classname="com.Greenkart.qa.tests.HomePageTest"/>
  <testcase name="search_vegitable" time="5.455" classname="com.Greenkart.qa.tests.HomePageTest"/>
  <testcase name="logoValidate" time="0.086" classname="com.Greenkart.qa.tests.HomePageTest"/>
</testsuite> <!-- Default test -->
